This is XeTeX, Version 3.14159265-2.6-0.999991 (TeX Live 2019/Debian) (preloaded format=xelatex 2021.3.7)  8 AUG 2021 11:54
entering extended mode
 restricted \write18 enabled.
 %&-line parsing enabled.
**main.tex
(./main.tex
LaTeX2e <2020-02-02> patch level 2
L3 programming layer <2020-02-14>
(/usr/share/texlive/texmf-dist/tex/latex/extsizes/extarticle.cls
Document Class: extarticle 1996/10/08 v1.0 Non Standard LaTeX document class
(/usr/share/texlive/texmf-dist/tex/latex/extsizes/size14.clo
File: size14.clo 1999/11/11 v1.4a NON-Standard LaTeX file (size option)
)
(/usr/share/texlive/texmf-dist/tex/latex/base/exscale.sty
Package: exscale 2018/09/24 v2.1i Standard LaTeX package exscale
LaTeX Font Info:    Redeclaring symbol font `largesymbols' on input line 57.
LaTeX Font Info:    Overwriting symbol font `largesymbols' in version `normal'
(Font)                  OMX/cmex/m/n --> OMX/cmex/m/n on input line 57.
LaTeX Font Info:    Overwriting symbol font `largesymbols' in version `bold'
(Font)                  OMX/cmex/m/n --> OMX/cmex/m/n on input line 57.
\big@size=\dimen134
)
\c@part=\count163
\c@section=\count164
\c@subsection=\count165
\c@subsubsection=\count166
\c@paragraph=\count167
\c@subparagraph=\count168
\c@figure=\count169
\c@table=\count170
\abovecaptionskip=\skip47
\belowcaptionskip=\skip48
\bibindent=\dimen135
) (./inc/preamble.tex (/usr/share/texlive/texmf-dist/tex/latex/pdfpages/pdfpage
s.sty
Package: pdfpages 2020/01/28 v0.5q Insert pages of external PDF documents (AM)

(/usr/share/texlive/texmf-dist/tex/latex/base/ifthen.sty
Package: ifthen 2014/09/29 v1.1c Standard LaTeX ifthen package (DPC)
)
(/usr/share/texlive/texmf-dist/tex/latex/tools/calc.sty
Package: calc 2017/05/25 v4.3 Infix arithmetic (KKT,FJ)
\calc@Acount=\count171
\calc@Bcount=\count172
\calc@Adimen=\dimen136
\calc@Bdimen=\dimen137
\calc@Askip=\skip49
\calc@Bskip=\skip50
LaTeX Info: Redefining \setlength on input line 80.
LaTeX Info: Redefining \addtolength on input line 81.
\calc@Ccount=\count173
\calc@Cskip=\skip51
)
(/usr/share/texlive/texmf-dist/tex/latex/eso-pic/eso-pic.sty
Package: eso-pic 2018/04/12 v2.0h eso-pic (RN)

(/usr/share/texlive/texmf-dist/tex/generic/atbegshi/atbegshi.sty
Package: atbegshi 2019/12/05 v1.19 At begin shipout hook (HO)

(/usr/share/texlive/texmf-dist/tex/generic/infwarerr/infwarerr.sty
Package: infwarerr 2019/12/03 v1.5 Providing info/warning/error messages (HO)
)
(/usr/share/texlive/texmf-dist/tex/generic/ltxcmds/ltxcmds.sty
Package: ltxcmds 2019/12/15 v1.24 LaTeX kernel commands for general use (HO)
)
(/usr/share/texlive/texmf-dist/tex/generic/iftex/iftex.sty
Package: iftex 2019/11/07 v1.0c TeX engine tests
))
(/usr/share/texlive/texmf-dist/tex/latex/graphics/keyval.sty
Package: keyval 2014/10/28 v1.15 key=value parser (DPC)
\KV@toks@=\toks14
)
(/usr/share/texlive/texmf-dist/tex/latex/xcolor/xcolor.sty
Package: xcolor 2016/05/11 v2.12 LaTeX color extensions (UK)

(/usr/share/texlive/texmf-dist/tex/latex/graphics-cfg/color.cfg
File: color.cfg 2016/01/02 v1.6 sample color configuration
)
Package xcolor Info: Driver file: xetex.def on input line 225.

(/usr/share/texlive/texmf-dist/tex/latex/graphics-def/xetex.def
File: xetex.def 2017/06/24 v5.0h Graphics/color driver for xetex
)
Package xcolor Info: Model `cmy' substituted by `cmy0' on input line 1348.
Package xcolor Info: Model `RGB' extended on input line 1364.
Package xcolor Info: Model `HTML' substituted by `rgb' on input line 1366.
Package xcolor Info: Model `Hsb' substituted by `hsb' on input line 1367.
Package xcolor Info: Model `tHsb' substituted by `hsb' on input line 1368.
Package xcolor Info: Model `HSB' substituted by `hsb' on input line 1369.
Package xcolor Info: Model `Gray' substituted by `gray' on input line 1370.
Package xcolor Info: Model `wave' substituted by `hsb' on input line 1371.
))
(/usr/share/texlive/texmf-dist/tex/latex/graphics/graphicx.sty
Package: graphicx 2019/11/30 v1.2a Enhanced LaTeX Graphics (DPC,SPQR)

(/usr/share/texlive/texmf-dist/tex/latex/graphics/graphics.sty
Package: graphics 2019/11/30 v1.4a Standard LaTeX Graphics (DPC,SPQR)

(/usr/share/texlive/texmf-dist/tex/latex/graphics/trig.sty
Package: trig 2016/01/03 v1.10 sin cos tan (DPC)
)
(/usr/share/texlive/texmf-dist/tex/latex/graphics-cfg/graphics.cfg
File: graphics.cfg 2016/06/04 v1.11 sample graphics configuration
)
Package graphics Info: Driver file: xetex.def on input line 105.
)
\Gin@req@height=\dimen138
\Gin@req@width=\dimen139
)
\AM@pagewidth=\dimen140
\AM@pageheight=\dimen141

(/usr/share/texlive/texmf-dist/tex/latex/pdfpages/ppxetex.def
File: ppxetex.def 2020/01/28 v0.5q Pdfpages driver for XeTeX (AM)
)
\AM@pagebox=\box45
\AM@global@opts=\toks15
\AM@pagecnt=\count174
\AM@toc@title=\toks16
\c@AM@survey=\count175
\AM@templatesizebox=\box46
)
(/usr/share/texlive/texmf-dist/tex/latex/setspace/setspace.sty
Package: setspace 2011/12/19 v6.7a set line spacing
)
(/usr/share/texlive/texmf-dist/tex/latex/fontspec/fontspec.sty
(/usr/share/texlive/texmf-dist/tex/latex/l3packages/xparse/xparse.sty
(/usr/share/texlive/texmf-dist/tex/latex/l3kernel/expl3.sty
Package: expl3 2020-02-14 L3 programming layer (loader) 

(/usr/share/texlive/texmf-dist/tex/latex/l3backend/l3backend-xdvipdfmx.def
File: l3backend-xdvipdfmx.def 2020-02-03 L3 backend support: xdvipdfmx
\g__graphics_track_int=\count176
\l__pdf_internal_box=\box47
\g__pdf_backend_object_int=\count177
\g__pdf_backend_annotation_int=\count178
))
Package: xparse 2020-02-14 L3 Experimental document command parser
\l__xparse_current_arg_int=\count179
\g__xparse_grabber_int=\count180
\l__xparse_m_args_int=\count181
\l__xparse_v_nesting_int=\count182
)
Package: fontspec 2020/02/03 v2.7h Font selection for XeLaTeX and LuaLaTeX

(/usr/share/texlive/texmf-dist/tex/latex/fontspec/fontspec-xetex.sty
Package: fontspec-xetex 2020/02/03 v2.7h Font selection for XeLaTeX and LuaLaTe
X
\l__fontspec_script_int=\count183
\l__fontspec_language_int=\count184
\l__fontspec_strnum_int=\count185
\l__fontspec_tmp_int=\count186
\l__fontspec_tmpa_int=\count187
\l__fontspec_tmpb_int=\count188
\l__fontspec_tmpc_int=\count189
\l__fontspec_em_int=\count190
\l__fontspec_emdef_int=\count191
\l__fontspec_strong_int=\count192
\l__fontspec_strongdef_int=\count193
\l__fontspec_tmpa_dim=\dimen142
\l__fontspec_tmpb_dim=\dimen143
\l__fontspec_tmpc_dim=\dimen144

(/usr/share/texlive/texmf-dist/tex/latex/base/fontenc.sty
Package: fontenc 2020/02/11 v2.0o Standard LaTeX package
)
(/usr/share/texlive/texmf-dist/tex/latex/fontspec/fontspec.cfg)))
(/usr/share/texlive/texmf-dist/tex/xelatex/xunicode/xunicode.sty
File: xunicode.sty 2011/09/09 v0.981 provides access to latin accents and many 
other characters in Unicode lower plane

(/usr/share/texmf/tex/latex/tipa/t3enc.def
File: t3enc.def 2001/12/31 T3 encoding
)
\tipaTiiicode=\count194
\tipasavetokens=\toks17
\tipachecktokens=\toks18
)
(/usr/share/texlive/texmf-dist/tex/xelatex/xltxtra/xltxtra.sty
Package: xltxtra 2018/12/31 v0.7 Improvements for the "XeLaTeX" format

(/usr/share/texlive/texmf-dist/tex/generic/iftex/ifluatex.sty
Package: ifluatex 2019/10/25 v1.5 ifluatex legacy package. Use iftex instead.
)
(/usr/share/texlive/texmf-dist/tex/generic/iftex/ifxetex.sty
Package: ifxetex 2019/10/25 v0.7 ifxetex legacy package. Use iftex instead.
)
(/usr/share/texlive/texmf-dist/tex/latex/realscripts/realscripts.sty
Package: realscripts 2016/02/13 v0.3d Access OpenType subscripts and superscrip
ts
\subsupersep=\dimen145
)
(/usr/share/texlive/texmf-dist/tex/latex/metalogo/metalogo.sty
Package: metalogo 2010/05/29 v0.12 Extended TeX logo macros
\xl@everylogo=\toks19
\xl@@everylogo=\toks20
LaTeX Info: Redefining \TeX on input line 193.
LaTeX Info: Redefining \LaTeX on input line 202.
LaTeX Info: Redefining \LaTeXe on input line 219.
)
\l__xetex_show_hyphens_wrapping_box=\box48
\l__xetex_show_hyphens_temp_box=\box49
\l__xetex_show_hyphens_final_box=\box50
\g__xetex_show_hyphens_word_box=\box51
)
(/usr/share/texlive/texmf-dist/tex/latex/tools/indentfirst.sty
Package: indentfirst 1995/11/23 v1.03 Indent first paragraph (DPC)
)
(/usr/share/texlive/texmf-dist/tex/latex/listings/listings.sty
\lst@mode=\count195
\lst@gtempboxa=\box52
\lst@token=\toks21
\lst@length=\count196
\lst@currlwidth=\dimen146
\lst@column=\count197
\lst@pos=\count198
\lst@lostspace=\dimen147
\lst@width=\dimen148
\lst@newlines=\count199
\lst@lineno=\count266
\lst@maxwidth=\dimen149

(/usr/share/texlive/texmf-dist/tex/latex/listings/lstmisc.sty
File: lstmisc.sty 2019/09/10 1.8c (Carsten Heinz)
\c@lstnumber=\count267
\lst@skipnumbers=\count268
\lst@framebox=\box53
)
(/usr/share/texlive/texmf-dist/tex/latex/listings/listings.cfg
File: listings.cfg 2019/09/10 1.8c listings configuration
))
Package: listings 2019/09/10 1.8c (Carsten Heinz)

Package fontspec Info: Font family 'TimesNewRoman(0)' created for font 'Times
(fontspec)             New Roman' with options [Ligatures=TeX,Ligatures=TeX].
(fontspec)              
(fontspec)              This font family consists of the following NFSS
(fontspec)             series/shapes:
(fontspec)              
(fontspec)             - 'normal' (m/n) with NFSS spec.: <->"Times New
(fontspec)             Roman/OT:language=dflt;mapping=tex-text;"
(fontspec)             - 'small caps'  (m/sc) with NFSS spec.: 
(fontspec)             - 'bold' (b/n) with NFSS spec.: <->"Times New
(fontspec)             Roman/B/OT:language=dflt;mapping=tex-text;"
(fontspec)             - 'bold small caps'  (b/sc) with NFSS spec.: 
(fontspec)             - 'italic' (m/it) with NFSS spec.: <->"Times New
(fontspec)             Roman/I/OT:language=dflt;mapping=tex-text;"
(fontspec)             - 'italic small caps'  (m/scit) with NFSS spec.: 
(fontspec)             - 'bold italic' (b/it) with NFSS spec.: <->"Times New
(fontspec)             Roman/BI/OT:language=dflt;mapping=tex-text;"
(fontspec)             - 'bold italic small caps'  (b/scit) with NFSS spec.: 


Package fontspec Info: Font family 'TimesNewRoman(1)' created for font 'Times
(fontspec)             New Roman' with options [Ligatures=TeX].
(fontspec)              
(fontspec)              This font family consists of the following NFSS
(fontspec)             series/shapes:
(fontspec)              
(fontspec)             - 'normal' (m/n) with NFSS spec.: <->"Times New
(fontspec)             Roman/OT:language=dflt;mapping=tex-text;"
(fontspec)             - 'small caps'  (m/sc) with NFSS spec.: 
(fontspec)             - 'bold' (b/n) with NFSS spec.: <->"Times New
(fontspec)             Roman/B/OT:language=dflt;mapping=tex-text;"
(fontspec)             - 'bold small caps'  (b/sc) with NFSS spec.: 
(fontspec)             - 'italic' (m/it) with NFSS spec.: <->"Times New
(fontspec)             Roman/I/OT:language=dflt;mapping=tex-text;"
(fontspec)             - 'italic small caps'  (m/scit) with NFSS spec.: 
(fontspec)             - 'bold italic' (b/it) with NFSS spec.: <->"Times New
(fontspec)             Roman/BI/OT:language=dflt;mapping=tex-text;"
(fontspec)             - 'bold italic small caps'  (b/scit) with NFSS spec.: 


Package fontspec Info: Font family 'FreeMono(0)' created for font 'FreeMono'
(fontspec)             with options
(fontspec)             [Ligatures=TeX,WordSpace={1,0,0},HyphenChar=None,Punctua
tionSpace=WordSpace].
(fontspec)              
(fontspec)              This font family consists of the following NFSS
(fontspec)             series/shapes:
(fontspec)              
(fontspec)             - 'normal' (m/n) with NFSS spec.:
(fontspec)             <->"FreeMono/OT:script=latn;language=dflt;mapping=tex-te
xt;"
(fontspec)             - 'small caps'  (m/sc) with NFSS spec.: 
(fontspec)             and font adjustment code:
(fontspec)             \fontdimen 2\font =1\fontdimen 2\font \fontdimen 3\font
(fontspec)             =0\fontdimen 3\font \fontdimen 4\font =0\fontdimen
(fontspec)             4\font \fontdimen 7\font =0\fontdimen 2\font
(fontspec)             \tex_hyphenchar:D \font =-1\scan_stop: 
(fontspec)             - 'bold' (b/n) with NFSS spec.:
(fontspec)             <->"FreeMono/B/OT:script=latn;language=dflt;mapping=tex-
text;"
(fontspec)             - 'bold small caps'  (b/sc) with NFSS spec.: 
(fontspec)             and font adjustment code:
(fontspec)             \fontdimen 2\font =1\fontdimen 2\font \fontdimen 3\font
(fontspec)             =0\fontdimen 3\font \fontdimen 4\font =0\fontdimen
(fontspec)             4\font \fontdimen 7\font =0\fontdimen 2\font
(fontspec)             \tex_hyphenchar:D \font =-1\scan_stop: 
(fontspec)             - 'italic' (m/it) with NFSS spec.:
(fontspec)             <->"FreeMono/I/OT:script=latn;language=dflt;mapping=tex-
text;"
(fontspec)             - 'italic small caps'  (m/scit) with NFSS spec.: 
(fontspec)             and font adjustment code:
(fontspec)             \fontdimen 2\font =1\fontdimen 2\font \fontdimen 3\font
(fontspec)             =0\fontdimen 3\font \fontdimen 4\font =0\fontdimen
(fontspec)             4\font \fontdimen 7\font =0\fontdimen 2\font
(fontspec)             \tex_hyphenchar:D \font =-1\scan_stop: 
(fontspec)             - 'bold italic' (b/it) with NFSS spec.:
(fontspec)             <->"FreeMono/BI/OT:script=latn;language=dflt;mapping=tex
-text;"
(fontspec)             - 'bold italic small caps'  (b/scit) with NFSS spec.: 
(fontspec)             and font adjustment code:
(fontspec)             \fontdimen 2\font =1\fontdimen 2\font \fontdimen 3\font
(fontspec)             =0\fontdimen 3\font \fontdimen 4\font =0\fontdimen
(fontspec)             4\font \fontdimen 7\font =0\fontdimen 2\font
(fontspec)             \tex_hyphenchar:D \font =-1\scan_stop: 


(/usr/share/texlive/texmf-dist/tex/latex/polyglossia/polyglossia.sty
Package: polyglossia 2020/01/29 v1.47 Modern multilingual typesetting with XeLa
TeX and LuaLaTeX

(/usr/share/texlive/texmf-dist/tex/latex/etoolbox/etoolbox.sty
Package: etoolbox 2019/09/21 v2.5h e-TeX tools for LaTeX (JAW)
\etb@tempcnta=\count269
)
(/usr/share/texlive/texmf-dist/tex/latex/makecmds/makecmds.sty
Package: makecmds 2009/09/03 v1.0a extra command making commands
)
(/usr/share/texlive/texmf-dist/tex/latex/xkeyval/xkeyval.sty
Package: xkeyval 2014/12/03 v2.7a package option processing (HA)

(/usr/share/texlive/texmf-dist/tex/generic/xkeyval/xkeyval.tex
(/usr/share/texlive/texmf-dist/tex/generic/xkeyval/xkvutils.tex
\XKV@toks=\toks22
\XKV@tempa@toks=\toks23
)
\XKV@depth=\count270
File: xkeyval.tex 2014/12/03 v2.7a key=value parser (HA)
))
(/usr/share/texlive/texmf-dist/tex/latex/l3packages/l3keys2e/l3keys2e.sty
Package: l3keys2e 2020-02-14 LaTeX2e option processing using LaTeX3 keys
)
(/usr/share/texlive/texmf-dist/tex/latex/filehook/filehook.sty
Package: filehook 2020/02/03 v0.7 Hooks for input files
)
\xpg@normalclass=\XeTeXcharclass1

(/usr/share/texlive/texmf-dist/tex/latex/polyglossia/gloss-latex.ldf
File: gloss-latex.ldf polyglossia: module for default language
The property list \polyglossia@langsetup contains the pairs (without outer
braces):
>  {latex/script}  =>  {latin}
>  {latex/lcscript}  =>  {latin}
>  {latex/scripttag}  =>  {}
>  {latex/language}  =>  {Latex}
>  {latex/langtag}  =>  {ENG}
>  {latex/bcp47}  =>  {}
>  {latex/hyphennames}  =>  {english}
>  {latex/direction}  =>  {LR}
>  {latex/hyphenmins}  =>  {2,3}
>  {latex/frenchspacing}  =>  {false}
>  {latex/indentfirst}  =>  {false}
>  {latex/fontsetup}  =>  {true}
>  {latex/envname}  =>  {latex}
>  {latex/babelname}  =>  {latex}
>  {latex/localnumeral}  =>  {polyglossia@C@localnumeral}
>  {latex/Localnumeral}  =>  {polyglossia@C@localnumeral}.
)
Package polyglossia Info: Default language is latex.
Package polyglossia Info: Option: localmarks.
)
(/usr/share/texlive/texmf-dist/tex/latex/polyglossia/gloss-russian.ldf
File: gloss-russian.ldf polyglossia: module for russian

(/usr/share/texlive/texmf-dist/tex/latex/polyglossia/xpg-cyrillicnumbers.sty
Package: xpg-cyrillicnumbers 2019/11/15 v0.2 Formatting of Cyrillic alphabetic 
numbers
)
The property list \polyglossia@langsetup contains the pairs (without outer
braces):
>  {latex/script}  =>  {latin}
>  {latex/lcscript}  =>  {latin}
>  {latex/scripttag}  =>  {}
>  {latex/language}  =>  {Latex}
>  {latex/langtag}  =>  {ENG}
>  {latex/bcp47}  =>  {}
>  {latex/hyphennames}  =>  {english}
>  {latex/direction}  =>  {LR}
>  {latex/hyphenmins}  =>  {2,3}
>  {latex/frenchspacing}  =>  {false}
>  {latex/indentfirst}  =>  {false}
>  {latex/fontsetup}  =>  {true}
>  {latex/envname}  =>  {latex}
>  {latex/babelname}  =>  {latex}
>  {latex/localnumeral}  =>  {polyglossia@C@localnumeral}
>  {latex/Localnumeral}  =>  {polyglossia@C@localnumeral}
>  {russian/script}  =>  {Cyrillic}
>  {russian/lcscript}  =>  {cyrillic}
>  {russian/scripttag}  =>  {cyrl}
>  {russian/language}  =>  {Russian}
>  {russian/langtag}  =>  {RUS}
>  {russian/bcp47}  =>  {ru}
>  {russian/hyphennames}  =>  {russian}
>  {russian/direction}  =>  {LR}
>  {russian/hyphenmins}  =>  {2,2}
>  {russian/frenchspacing}  =>  {true}
>  {russian/indentfirst}  =>  {true}
>  {russian/fontsetup}  =>  {true}
>  {russian/envname}  =>  {russian}
>  {russian/babelname}  =>  {russian}
>  {russian/localnumeral}  =>  {russiannumerals}
>  {russian/Localnumeral}  =>  {Russiannumerals}.


Package polyglossia Warning: No hyphenation patterns were loaded for `russian'
(polyglossia)                I will use \language=\l@nohyphenation instead on i
nput line 17.

Package babel Info: \l@russian = using hyphenrules for nohyphenation
(babel)             (\language2) on input line 17.
Package polyglossia Info: Option: Russian, numerals=arabic.
(/usr/share/texlive/texmf-dist/tex/latex/polyglossia/babelsh.def
File: babelsh.def 2019/09/30 Babel common definitions for shorthands
 Taken verbatim from babel files (2019/09/27 v3.34)
)
Package polyglossia Info: Making " an active character on input line 87.
)
Package polyglossia Info: Default language is russian.

(/usr/share/texlive/texmf-dist/tex/latex/amsfonts/amssymb.sty
Package: amssymb 2013/01/14 v3.01 AMS font symbols

(/usr/share/texlive/texmf-dist/tex/latex/amsfonts/amsfonts.sty
Package: amsfonts 2013/01/14 v3.01 Basic AMSFonts support
\@emptytoks=\toks24
\symAMSa=\mathgroup4
\symAMSb=\mathgroup5
LaTeX Font Info:    Redeclaring math symbol \hbar on input line 98.
LaTeX Font Info:    Overwriting math alphabet `\mathfrak' in version `bold'
(Font)                  U/euf/m/n --> U/euf/b/n on input line 106.
))
(/usr/share/texlive/texmf-dist/tex/latex/amsmath/amsmath.sty
Package: amsmath 2020/01/20 v2.17e AMS math features
\@mathmargin=\skip52

For additional information on amsmath, use the `?' option.
(/usr/share/texlive/texmf-dist/tex/latex/amsmath/amstext.sty
Package: amstext 2000/06/29 v2.01 AMS text

(/usr/share/texlive/texmf-dist/tex/latex/amsmath/amsgen.sty
File: amsgen.sty 1999/11/30 v2.0 generic functions
\@emptytoks=\toks25
\ex@=\dimen150
))
(/usr/share/texlive/texmf-dist/tex/latex/amsmath/amsbsy.sty
Package: amsbsy 1999/11/29 v1.2d Bold Symbols
\pmbraise@=\dimen151
)
(/usr/share/texlive/texmf-dist/tex/latex/amsmath/amsopn.sty
Package: amsopn 2016/03/08 v2.02 operator names
)
\inf@bad=\count271
LaTeX Info: Redefining \frac on input line 227.
\uproot@=\count272
\leftroot@=\count273
LaTeX Info: Redefining \overline on input line 389.
\classnum@=\count274
\DOTSCASE@=\count275
LaTeX Info: Redefining \ldots on input line 486.
LaTeX Info: Redefining \dots on input line 489.
LaTeX Info: Redefining \cdots on input line 610.
\Mathstrutbox@=\box54
\strutbox@=\box55
\big@size=\dimen152
LaTeX Font Info:    Redeclaring font encoding OML on input line 733.
LaTeX Font Info:    Redeclaring font encoding OMS on input line 734.
\macc@depth=\count276
\c@MaxMatrixCols=\count277
\dotsspace@=\muskip16
\c@parentequation=\count278
\dspbrk@lvl=\count279
\tag@help=\toks26
\row@=\count280
\column@=\count281
\maxfields@=\count282
\andhelp@=\toks27
\eqnshift@=\dimen153
\alignsep@=\dimen154
\tagshift@=\dimen155
\tagwidth@=\dimen156
\totwidth@=\dimen157
\lineht@=\dimen158
\@envbody=\toks28
\multlinegap=\skip53
\multlinetaggap=\skip54
\mathdisplay@stack=\toks29
LaTeX Info: Redefining \[ on input line 2859.
LaTeX Info: Redefining \] on input line 2860.
)
(/usr/share/texlive/texmf-dist/tex/latex/tools/enumerate.sty
Package: enumerate 2015/07/23 v3.00 enumerate extensions (DPC)
\@enLab=\toks30
)
(/usr/share/texlive/texmf-dist/tex/latex/float/float.sty
Package: float 2001/11/08 v1.3d Float enhancements (AL)
\c@float@type=\count283
\float@exts=\toks31
\float@box=\box56
\@float@everytoks=\toks32
\@floatcapt=\box57
)
(/usr/share/texlive/texmf-dist/tex/latex/multirow/multirow.sty
Package: multirow 2019/05/31 v2.5 Span multiple rows of a table
\multirow@colwidth=\skip55
\multirow@cntb=\count284
\multirow@dima=\skip56
\bigstrutjot=\dimen159
)
(/usr/share/texlive/texmf-dist/tex/latex/chngcntr/chngcntr.sty
Package: chngcntr 2018/04/09 v1.1a change counter resetting
Package chngcntr Info: \counterwithout already defined.
(chngcntr)             Quitting chngcntr on input line 21.
)
(/usr/share/texlive/texmf-dist/tex/latex/hyperref/hyperref.sty
Package: hyperref 2020/01/14 v7.00d Hypertext links for LaTeX

(/usr/share/texlive/texmf-dist/tex/latex/pdftexcmds/pdftexcmds.sty
Package: pdftexcmds 2019/11/24 v0.31 Utility functions of pdfTeX for LuaTeX (HO
)
Package pdftexcmds Info: \pdf@primitive is available.
Package pdftexcmds Info: \pdf@ifprimitive is available.
Package pdftexcmds Info: \pdfdraftmode not found.
)
(/usr/share/texlive/texmf-dist/tex/generic/kvsetkeys/kvsetkeys.sty
Package: kvsetkeys 2019/12/15 v1.18 Key value parser (HO)
)
(/usr/share/texlive/texmf-dist/tex/generic/kvdefinekeys/kvdefinekeys.sty
Package: kvdefinekeys 2019-12-19 v1.6 Define keys (HO)
)
(/usr/share/texlive/texmf-dist/tex/generic/pdfescape/pdfescape.sty
Package: pdfescape 2019/12/09 v1.15 Implements pdfTeX's escape features (HO)
)
(/usr/share/texlive/texmf-dist/tex/latex/hycolor/hycolor.sty
Package: hycolor 2020-01-27 v1.10 Color options for hyperref/bookmark (HO)
)
(/usr/share/texlive/texmf-dist/tex/latex/letltxmacro/letltxmacro.sty
Package: letltxmacro 2019/12/03 v1.6 Let assignment for LaTeX macros (HO)
)
(/usr/share/texlive/texmf-dist/tex/latex/auxhook/auxhook.sty
Package: auxhook 2019-12-17 v1.6 Hooks for auxiliary files (HO)
)
(/usr/share/texlive/texmf-dist/tex/latex/kvoptions/kvoptions.sty
Package: kvoptions 2019/11/29 v3.13 Key value format for package options (HO)
)
\@linkdim=\dimen160
\Hy@linkcounter=\count285
\Hy@pagecounter=\count286

(/usr/share/texlive/texmf-dist/tex/latex/hyperref/pd1enc.def
File: pd1enc.def 2020/01/14 v7.00d Hyperref: PDFDocEncoding definition (HO)
)
(/usr/share/texlive/texmf-dist/tex/generic/intcalc/intcalc.sty
Package: intcalc 2019/12/15 v1.3 Expandable calculations with integers (HO)
)
(/usr/share/texlive/texmf-dist/tex/generic/etexcmds/etexcmds.sty
Package: etexcmds 2019/12/15 v1.7 Avoid name clashes with e-TeX commands (HO)
)
\Hy@SavedSpaceFactor=\count287
Package hyperref Info: Hyper figures OFF on input line 4547.
Package hyperref Info: Link nesting OFF on input line 4552.
Package hyperref Info: Hyper index ON on input line 4555.
Package hyperref Info: Plain pages OFF on input line 4562.
Package hyperref Info: Backreferencing OFF on input line 4567.
Package hyperref Info: Implicit mode ON; LaTeX internals redefined.
Package hyperref Info: Bookmarks ON on input line 4800.
\c@Hy@tempcnt=\count288

(/usr/share/texlive/texmf-dist/tex/latex/url/url.sty
\Urlmuskip=\muskip17
Package: url 2013/09/16  ver 3.4  Verb mode for urls, etc.
)
LaTeX Info: Redefining \url on input line 5159.
\XeTeXLinkMargin=\dimen161

(/usr/share/texlive/texmf-dist/tex/generic/bitset/bitset.sty
Package: bitset 2019/12/09 v1.3 Handle bit-vector datatype (HO)

(/usr/share/texlive/texmf-dist/tex/generic/bigintcalc/bigintcalc.sty
Package: bigintcalc 2019/12/15 v1.5 Expandable calculations on big integers (HO
)
))
\Fld@menulength=\count289
\Field@Width=\dimen162
\Fld@charsize=\dimen163
Package hyperref Info: Hyper figures OFF on input line 6430.
Package hyperref Info: Link nesting OFF on input line 6435.
Package hyperref Info: Hyper index ON on input line 6438.
Package hyperref Info: backreferencing OFF on input line 6445.
Package hyperref Info: Link coloring OFF on input line 6450.
Package hyperref Info: Link coloring with OCG OFF on input line 6455.
Package hyperref Info: PDF/A mode OFF on input line 6460.
LaTeX Info: Redefining \ref on input line 6500.
LaTeX Info: Redefining \pageref on input line 6504.
\Hy@abspage=\count290
\c@Item=\count291
\c@Hfootnote=\count292
)
Package hyperref Info: Driver (autodetected): hxetex.

(/usr/share/texlive/texmf-dist/tex/latex/hyperref/hxetex.def
File: hxetex.def 2020/01/14 v7.00d Hyperref driver for XeTeX

(/usr/share/texlive/texmf-dist/tex/latex/hyperref/puenc.def
File: puenc.def 2020/01/14 v7.00d Hyperref: PDF Unicode definition (HO)
)
(/usr/share/texlive/texmf-dist/tex/generic/stringenc/stringenc.sty
Package: stringenc 2019/11/29 v1.12 Convert strings between diff. encodings (HO
)
)
\pdfm@box=\box58
\c@Hy@AnnotLevel=\count293
\HyField@AnnotCount=\count294
\Fld@listcount=\count295
\c@bookmark@seq@number=\count296

(/usr/share/texlive/texmf-dist/tex/latex/rerunfilecheck/rerunfilecheck.sty
Package: rerunfilecheck 2019/12/05 v1.9 Rerun checks for auxiliary files (HO)

(/usr/share/texlive/texmf-dist/tex/latex/atveryend/atveryend.sty
Package: atveryend 2019-12-11 v1.11 Hooks at the very end of document (HO)
)
(/usr/share/texlive/texmf-dist/tex/generic/uniquecounter/uniquecounter.sty
Package: uniquecounter 2019/12/15 v1.4 Provide unlimited unique counter (HO)
)
Package uniquecounter Info: New unique counter `rerunfilecheck' on input line 2
86.
)
\Hy@SectionHShift=\skip57
)
Package hyperref Info: Option `colorlinks' set `true' on input line 52.

(/usr/share/texlive/texmf-dist/tex/generic/stringenc/se-ascii-print.def
File: se-ascii-print.def 2019/11/29 v1.12 stringenc: Printable ASCII characters

)
(/usr/share/texlive/texmf-dist/tex/latex/geometry/geometry.sty
Package: geometry 2020/01/02 v5.9 Page Geometry

(/usr/share/texlive/texmf-dist/tex/generic/iftex/ifvtex.sty
Package: ifvtex 2019/10/25 v1.7 ifvtex legacy package. Use iftex instead.
)
\Gm@cnth=\count297
\Gm@cntv=\count298
\c@Gm@tempcnt=\count299
\Gm@bindingoffset=\dimen164
\Gm@wd@mp=\dimen165
\Gm@odd@mp=\dimen166
\Gm@even@mp=\dimen167
\Gm@layoutwidth=\dimen168
\Gm@layoutheight=\dimen169
\Gm@layouthoffset=\dimen170
\Gm@layoutvoffset=\dimen171
\Gm@dimlist=\toks33
)
(/usr/share/texlive/texmf-dist/tex/latex/enumitem/enumitem.sty
Package: enumitem 2019/06/20 v3.9 Customized lists
\labelindent=\skip58
\enit@outerparindent=\dimen172
\enit@toks=\toks34
\enit@inbox=\box59
\enit@count@id=\count300
\enitdp@description=\count301
)
(/usr/share/texlive/texmf-dist/tex/latex/tocloft/tocloft.sty
Package: tocloft 2017/08/31 v2.3i parameterised ToC, etc., typesetting
Package tocloft Info: The document has section divisions on input line 51.
\cftparskip=\skip59
\cftbeforetoctitleskip=\skip60
\cftaftertoctitleskip=\skip61
\cftbeforepartskip=\skip62
\cftpartnumwidth=\skip63
\cftpartindent=\skip64
\cftbeforesecskip=\skip65
\cftsecindent=\skip66
\cftsecnumwidth=\skip67
\cftbeforesubsecskip=\skip68
\cftsubsecindent=\skip69
\cftsubsecnumwidth=\skip70
\cftbeforesubsubsecskip=\skip71
\cftsubsubsecindent=\skip72
\cftsubsubsecnumwidth=\skip73
\cftbeforeparaskip=\skip74
\cftparaindent=\skip75
\cftparanumwidth=\skip76
\cftbeforesubparaskip=\skip77
\cftsubparaindent=\skip78
\cftsubparanumwidth=\skip79
\cftbeforeloftitleskip=\skip80
\cftafterloftitleskip=\skip81
\cftbeforefigskip=\skip82
\cftfigindent=\skip83
\cftfignumwidth=\skip84
\c@lofdepth=\count302
\c@lotdepth=\count303
\cftbeforelottitleskip=\skip85
\cftafterlottitleskip=\skip86
\cftbeforetabskip=\skip87
\cfttabindent=\skip88
\cfttabnumwidth=\skip89
)
(/usr/share/texlive/texmf-dist/tex/latex/caption/caption.sty
Package: caption 2020/01/03 v3.4h Customizing captions (AR)

(/usr/share/texlive/texmf-dist/tex/latex/caption/caption3.sty
Package: caption3 2020/01/03 v1.8h caption3 kernel (AR)
Package caption3 Info: TeX engine: e-TeX on input line 61.
\captionmargin=\dimen173
\captionmargin@=\dimen174
\captionwidth=\dimen175
\caption@tempdima=\dimen176
\caption@indent=\dimen177
\caption@parindent=\dimen178
\caption@hangindent=\dimen179
Package caption Info: Standard document class detected.
)
\c@caption@flags=\count304
\c@continuedfloat=\count305
Package caption Info: float package is loaded.
Package caption Info: hyperref package is loaded.
Package caption Info: listings package is loaded.
)
(/usr/share/texlive/texmf-dist/tex/latex/newfloat/newfloat.sty
Package: newfloat 2019/09/02 v1.1l Defining new floating environments (AR)
)
(/usr/share/texlive/texmf-dist/tex/latex/textcase/textcase.sty
Package: textcase 2019/09/14 v1.00 Text only upper/lower case changing (DPC)
)
(/usr/share/texlive/texmf-dist/tex/latex/titlesec/titlesec.sty
Package: titlesec 2019/10/16 v2.13 Sectioning titles
\ttl@box=\box60
\beforetitleunit=\skip90
\aftertitleunit=\skip91
\ttl@plus=\dimen180
\ttl@minus=\dimen181
\ttl@toksa=\toks35
\titlewidth=\dimen182
\titlewidthlast=\dimen183
\titlewidthfirst=\dimen184
)) (./main.aux
(./inc/development_tools.aux) (./inc/development_server.aux))
\openout1 = `main.aux'.

LaTeX Font Info:    Checking defaults for OML/cmm/m/it on input line 10.
LaTeX Font Info:    ... okay on input line 10.
LaTeX Font Info:    Checking defaults for OMS/cmsy/m/n on input line 10.
LaTeX Font Info:    ... okay on input line 10.
LaTeX Font Info:    Checking defaults for OT1/cmr/m/n on input line 10.
LaTeX Font Info:    ... okay on input line 10.
LaTeX Font Info:    Checking defaults for T1/cmr/m/n on input line 10.
LaTeX Font Info:    ... okay on input line 10.
LaTeX Font Info:    Checking defaults for TS1/cmr/m/n on input line 10.
LaTeX Font Info:    Trying to load font information for TS1+cmr on input line 1
0.

(/usr/share/texlive/texmf-dist/tex/latex/base/ts1cmr.fd
File: ts1cmr.fd 2019/12/16 v2.5j Standard LaTeX font definitions
)
LaTeX Font Info:    ... okay on input line 10.
LaTeX Font Info:    Checking defaults for TU/lmr/m/n on input line 10.
LaTeX Font Info:    ... okay on input line 10.
LaTeX Font Info:    Checking defaults for OMX/cmex/m/n on input line 10.
LaTeX Font Info:    ... okay on input line 10.
LaTeX Font Info:    Checking defaults for U/cmr/m/n on input line 10.
LaTeX Font Info:    ... okay on input line 10.
LaTeX Font Info:    Checking defaults for T3/cmr/m/n on input line 10.
LaTeX Font Info:    Trying to load font information for T3+cmr on input line 10
.

(/usr/share/texmf/tex/latex/tipa/t3cmr.fd
File: t3cmr.fd 2001/12/31 TIPA font definitions
)
LaTeX Font Info:    ... okay on input line 10.
LaTeX Font Info:    Checking defaults for PD1/pdf/m/n on input line 10.
LaTeX Font Info:    ... okay on input line 10.
LaTeX Font Info:    Checking defaults for PU/pdf/m/n on input line 10.
LaTeX Font Info:    ... okay on input line 10.
\AtBeginShipoutBox=\box61

(/usr/share/texlive/texmf-dist/tex/latex/pdflscape/pdflscape.sty
Package: pdflscape 2019/12/05 v0.12 Display of landscape pages in PDF (HO)

(/usr/share/texlive/texmf-dist/tex/latex/graphics/lscape.sty
Package: lscape 2000/10/22 v3.01 Landscape Pages (DPC)
)
Package pdflscape Info: Auto-detected driver: dvipdfm (xetex) on input line 98.

)

Package fontspec Info: Adjusting the maths setup (use [no-math] to avoid
(fontspec)             this).

\symlegacymaths=\mathgroup6
LaTeX Font Info:    Overwriting symbol font `legacymaths' in version `bold'
(Font)                  OT1/cmr/m/n --> OT1/cmr/bx/n on input line 10.
LaTeX Font Info:    Redeclaring math accent \acute on input line 10.
LaTeX Font Info:    Redeclaring math accent \grave on input line 10.
LaTeX Font Info:    Redeclaring math accent \ddot on input line 10.
LaTeX Font Info:    Redeclaring math accent \tilde on input line 10.
LaTeX Font Info:    Redeclaring math accent \bar on input line 10.
LaTeX Font Info:    Redeclaring math accent \breve on input line 10.
LaTeX Font Info:    Redeclaring math accent \check on input line 10.
LaTeX Font Info:    Redeclaring math accent \hat on input line 10.
LaTeX Font Info:    Redeclaring math accent \dot on input line 10.
LaTeX Font Info:    Redeclaring math accent \mathring on input line 10.
LaTeX Font Info:    Redeclaring math symbol \Gamma on input line 10.
LaTeX Font Info:    Redeclaring math symbol \Delta on input line 10.
LaTeX Font Info:    Redeclaring math symbol \Theta on input line 10.
LaTeX Font Info:    Redeclaring math symbol \Lambda on input line 10.
LaTeX Font Info:    Redeclaring math symbol \Xi on input line 10.
LaTeX Font Info:    Redeclaring math symbol \Pi on input line 10.
LaTeX Font Info:    Redeclaring math symbol \Sigma on input line 10.
LaTeX Font Info:    Redeclaring math symbol \Upsilon on input line 10.
LaTeX Font Info:    Redeclaring math symbol \Phi on input line 10.
LaTeX Font Info:    Redeclaring math symbol \Psi on input line 10.
LaTeX Font Info:    Redeclaring math symbol \Omega on input line 10.
LaTeX Font Info:    Redeclaring math symbol \mathdollar on input line 10.
LaTeX Font Info:    Redeclaring symbol font `operators' on input line 10.
LaTeX Font Info:    Encoding `OT1' has changed to `TU' for symbol font
(Font)              `operators' in the math version `normal' on input line 10.
LaTeX Font Info:    Overwriting symbol font `operators' in version `normal'
(Font)                  OT1/cmr/m/n --> TU/TimesNewRoman(0)/m/n on input line 1
0.
LaTeX Font Info:    Encoding `OT1' has changed to `TU' for symbol font
(Font)              `operators' in the math version `bold' on input line 10.
LaTeX Font Info:    Overwriting symbol font `operators' in version `bold'
(Font)                  OT1/cmr/bx/n --> TU/TimesNewRoman(0)/m/n on input line 
10.
LaTeX Font Info:    Overwriting symbol font `operators' in version `normal'
(Font)                  TU/TimesNewRoman(0)/m/n --> TU/TimesNewRoman(0)/m/n on 
input line 10.
LaTeX Font Info:    Overwriting math alphabet `\mathit' in version `normal'
(Font)                  OT1/cmr/m/it --> TU/TimesNewRoman(0)/m/it on input line
 10.
LaTeX Font Info:    Overwriting math alphabet `\mathbf' in version `normal'
(Font)                  OT1/cmr/bx/n --> TU/TimesNewRoman(0)/b/n on input line 
10.
LaTeX Font Info:    Overwriting math alphabet `\mathsf' in version `normal'
(Font)                  OT1/cmss/m/n --> TU/lmss/m/n on input line 10.
LaTeX Font Info:    Overwriting math alphabet `\mathtt' in version `normal'
(Font)                  OT1/cmtt/m/n --> TU/FreeMono(0)/m/n on input line 10.
LaTeX Font Info:    Overwriting symbol font `operators' in version `bold'
(Font)                  TU/TimesNewRoman(0)/m/n --> TU/TimesNewRoman(0)/b/n on 
input line 10.
LaTeX Font Info:    Overwriting math alphabet `\mathit' in version `bold'
(Font)                  OT1/cmr/bx/it --> TU/TimesNewRoman(0)/b/it on input lin
e 10.
LaTeX Font Info:    Overwriting math alphabet `\mathsf' in version `bold'
(Font)                  OT1/cmss/bx/n --> TU/lmss/b/n on input line 10.
LaTeX Font Info:    Overwriting math alphabet `\mathtt' in version `bold'
(Font)                  OT1/cmtt/m/n --> TU/FreeMono(0)/b/n on input line 10.
\c@lstlisting=\count306
Package hyperref Info: Link coloring ON on input line 10.

(/usr/share/texlive/texmf-dist/tex/latex/hyperref/nameref.sty
Package: nameref 2019/09/16 v2.46 Cross-referencing by name of section

(/usr/share/texlive/texmf-dist/tex/latex/refcount/refcount.sty
Package: refcount 2019/12/15 v3.6 Data extraction from label references (HO)
)
(/usr/share/texlive/texmf-dist/tex/generic/gettitlestring/gettitlestring.sty
Package: gettitlestring 2019/12/15 v1.6 Cleanup title references (HO)
)
\c@section@level=\count307
)
LaTeX Info: Redefining \ref on input line 10.
LaTeX Info: Redefining \pageref on input line 10.
LaTeX Info: Redefining \nameref on input line 10.

(./main.out) (./main.out)
\@outlinefile=\write3
\openout3 = `main.out'.


*geometry* driver: auto-detecting
*geometry* detected driver: xetex
*geometry* verbose mode - [ preamble ] result:
* driver: xetex
* paper: a4paper
* layout: <same size as paper>
* layoutoffset:(h,v)=(0.0pt,0.0pt)
* modes: 
* h-part:(L,W,R)=(85.35826pt, 483.69687pt, 28.45274pt)
* v-part:(T,H,B)=(56.9055pt, 731.23584pt, 56.9055pt)
* \paperwidth=597.50787pt
* \paperheight=845.04684pt
* \textwidth=483.69687pt
* \textheight=731.23584pt
* \oddsidemargin=13.08827pt
* \evensidemargin=13.08827pt
* \topmargin=-54.36449pt
* \headheight=14.0pt
* \headsep=25.0pt
* \topskip=14.0pt
* \footskip=30.0pt
* \marginparwidth=15.0pt
* \marginparsep=10.0pt
* \columnsep=10.0pt
* \skip\footins=12.0pt plus 4.0pt minus 2.0pt
* \hoffset=0.0pt
* \voffset=0.0pt
* \mag=1000
* \@twocolumnfalse
* \@twosidefalse
* \@mparswitchfalse
* \@reversemarginfalse
* (1in=72.27pt=25.4mm, 1cm=28.453pt)

Package caption Info: Begin \AtBeginDocument code.
Package caption Info: End \AtBeginDocument code.
Package newfloat Info: `float' package detected.
File: images/title.pdf Graphic file (type pdf)
<use images/title.pdf>
File: images/title.pdf Graphic file (type pdf)
<use images/title.pdf>
File: images/title.pdf Graphic file (type pdf)
<use images/title.pdf, page 1>
File: images/title.pdf Graphic file (type pdf)
<use images/title.pdf, page 1>
File: images/title.pdf Graphic file (type pdf)
<use images/title.pdf, page 1>
File: images/title.pdf Graphic file (type pdf)
<use images/title.pdf, page 1>
File: images/title.pdf Graphic file (type pdf)
<use images/title.pdf, page 1>
[0

]
File: images/refer.pdf Graphic file (type pdf)
<use images/refer.pdf>
File: images/refer.pdf Graphic file (type pdf)
<use images/refer.pdf>
File: images/refer.pdf Graphic file (type pdf)
<use images/refer.pdf, page 1>
File: images/refer.pdf Graphic file (type pdf)
<use images/refer.pdf, page 1>
File: images/refer.pdf Graphic file (type pdf)
<use images/refer.pdf, page 1>
File: images/refer.pdf Graphic file (type pdf)
<use images/refer.pdf, page 1>
File: images/refer.pdf Graphic file (type pdf)
<use images/refer.pdf, page 1>
 [1] (./main.toc
LaTeX Font Info:    Trying to load font information for U+msa on input line 3.
 (/usr/share/texlive/texmf-dist/tex/latex/amsfonts/umsa.fd
File: umsa.fd 2013/01/14 v3.01 AMS symbols A
)
LaTeX Font Info:    Trying to load font information for U+msb on input line 3.

(/usr/share/texlive/texmf-dist/tex/latex/amsfonts/umsb.fd
File: umsb.fd 2013/01/14 v3.01 AMS symbols B
))
\tf@toc=\write4
\openout4 = `main.toc'.

 [2]
(./inc/intro.tex
Underfull \hbox (badness 4819) in paragraph at lines 4--5
\TU/TimesNewRoman(1)/m/n/14.4 оказывает на человека значительное влияние. Она д
аёт энергию, силу,
 []


Underfull \hbox (badness 3291) in paragraph at lines 4--5
\TU/TimesNewRoman(1)/m/n/14.4 развитие, а при грамотном её употреблении – и здо
ровье. Без всякого
 []


Underfull \hbox (badness 2142) in paragraph at lines 4--5
\TU/TimesNewRoman(1)/m/n/14.4 сомнения, можно утверждать, что здоровье человека
 на 65% зависит от
 []


Underfull \hbox (badness 6001) in paragraph at lines 4--5
\TU/TimesNewRoman(1)/m/n/14.4 диабет, нарушение жирового обмена веществ, гиперт
ония, повышенное
 []


Underfull \hbox (badness 6412) in paragraph at lines 4--5
\TU/TimesNewRoman(1)/m/n/14.4 от большинства хронических недугов. С каждым годо
м увеличивается
 []


Underfull \hbox (badness 1484) in paragraph at lines 4--5
\TU/TimesNewRoman(1)/m/n/14.4 для людей со слабым зрением или имеющие аллергию 
на определенные
 []


Underfull \hbox (badness 7851) in paragraph at lines 4--5
\TU/TimesNewRoman(1)/m/n/14.4 продукты. Для облегчения процесса выбора продукто
в питания, было
 []


Underfull \hbox (badness 4254) in paragraph at lines 6--12
[]\TU/TimesNewRoman(1)/m/n/14.4 ShoppingAssistant ускоряет и облегчает процесс 
покупок в любых
 []


Underfull \hbox (badness 3579) in paragraph at lines 6--12
\TU/TimesNewRoman(1)/m/n/14.4 продовольственных магазинах. Просто отсканировав 
штрих-код продукта
 []


Underfull \hbox (badness 1377) in paragraph at lines 6--12
\TU/TimesNewRoman(1)/m/n/14.4 с помощью камеры на смартфоне, через приложение, 
получаешь полную
 []


Underfull \hbox (badness 6608) in paragraph at lines 6--12
\TU/TimesNewRoman(1)/m/n/14.4 в составе товара, которые будут подсвечиваться оп
ределенным цветом
 []


Underfull \hbox (badness 10000) in paragraph at lines 13--16
[]\TU/TimesNewRoman(1)/m/n/14.4 Целью данной работы является разработка клиент-
серверного
 []


Underfull \hbox (badness 2126) in paragraph at lines 13--16
\TU/TimesNewRoman(1)/m/n/14.4 приложения «ShoppingAssistant», ориентированное н
а людей следящих за
 []

[3

]
Underfull \hbox (badness 10000) in paragraph at lines 22--24
[]\TU/TimesNewRoman(1)/m/n/14.4 При релизации сервера придерживаться архитектур
ного стиля
 []


Underfull \hbox (badness 4608) in paragraph at lines 22--24
\TU/TimesNewRoman(1)/m/n/14.4 Programming Interfaces — «интерфейс прикладного п
рограммирования»).
 []


Underfull \hbox (badness 10000) in paragraph at lines 22--24
\TU/TimesNewRoman(1)/m/n/14.4 Использовать данные полученные и подготовленные в
 рамках курса
 []


Underfull \hbox (badness 1259) in paragraph at lines 22--24
\TU/TimesNewRoman(1)/m/n/14.4 «Нереляционные базы данных». При реализации клиен
тского приложения
 []

[4]) (./inc/requirements_specification.tex
Underfull \hbox (badness 10000) in paragraph at lines 7--8
[]\TU/TimesNewRoman(1)/m/n/14.4 Пользователь – потенциальный клиент пользующийс
я услугами
 []


Underfull \hbox (badness 6236) in paragraph at lines 12--14
[]\TU/TimesNewRoman(1)/m/n/14.4 Целью пользователя является получение информаци
и о продукте.
 []


Underfull \hbox (badness 10000) in paragraph at lines 12--14
\TU/TimesNewRoman(1)/m/n/14.4 Поэтому пользователю необходимо предоставить удоб
ный инструмент
 []


Underfull \hbox (badness 1430) in paragraph at lines 12--14
\TU/TimesNewRoman(1)/m/n/14.4 для поиска продуктов в разрабатываемом сервисе. Д
ля этого необходимо
 []


Underfull \hbox (badness 1248) in paragraph at lines 12--14
\TU/TimesNewRoman(1)/m/n/14.4 однозначно идентифицировать продукты в системе. О
дним из возможных
 []


Underfull \hbox (badness 3930) in paragraph at lines 12--14
\TU/TimesNewRoman(1)/m/n/14.4 вариантов решения этой проблемы, является использ
ование штрих-кода.
 []


Underfull \hbox (badness 10000) in paragraph at lines 12--14
\TU/TimesNewRoman(1)/m/n/14.4 Рассмотрим более подробно процесс маркировки това
ров и выясним
 []


Underfull \hbox (badness 10000) in paragraph at lines 12--14
\TU/TimesNewRoman(1)/m/n/14.4 целесообразность использования штрих-кода в качес
тве уникального
 []


Underfull \hbox (badness 10000) in paragraph at lines 15--18
\TU/TimesNewRoman(1)/m/n/14.4 товаров, предоставляющая возможность считывания е
ё техническими
 []


Underfull \hbox (badness 1314) in paragraph at lines 15--18
\TU/TimesNewRoman(1)/m/n/14.4 средствами. Двоичная система цифр обеспечивает уд
обную запись штрих
 []


Underfull \hbox (badness 7256) in paragraph at lines 15--18
\TU/TimesNewRoman(1)/m/n/14.4 кодов. Штрихи обозначаются цифрой «1», а пробелы 
«0». В штрих-
 []


Underfull \hbox (badness 10000) in paragraph at lines 15--18
\TU/TimesNewRoman(1)/m/n/14.4 код зашифровывается номер GTIN. GTIN обеспечивает
 однозначную
 []


Underfull \hbox (badness 1371) in paragraph at lines 15--18
\TU/TimesNewRoman(1)/m/n/14.4 идентификацию товара в любой стране мира и не мож
ет быть присвоен
 []

[5

]
Underfull \hbox (badness 10000) in paragraph at lines 24--25
[]\TU/TimesNewRoman(1)/m/n/14.4 Нанесение штрих-кода на товар осуществляет прои
зводитель с
 []


Underfull \hbox (badness 4303) in paragraph at lines 24--25
\TU/TimesNewRoman(1)/m/n/14.4 применением данных о стране местонахождения и код
а производителя.
 []


Underfull \hbox (badness 10000) in paragraph at lines 28--30
[]\TU/TimesNewRoman(1)/m/n/14.4 Реализуемый сервис должен удовлетворять следующ
им
 []


Underfull \hbox (badness 10000) in paragraph at lines 31--32
[]\TU/TimesNewRoman(1)/m/n/14.4 Авторизация пользователя. Процесс аутентификаци
и пользователя
 []

[6]
Underfull \hbox (badness 10000) in paragraph at lines 41--42
[]\TU/TimesNewRoman(1)/m/n/14.4 Для реализуемого сервиса предъявляются следующи
е системные
 []


Underfull \hbox (badness 4752) in paragraph at lines 45--46
[]\TU/TimesNewRoman(1)/m/n/14.4 Для передачи данных клиенту и взаимодействия с 
базой данных
 []


Underfull \hbox (badness 5878) in paragraph at lines 46--47
[]\TU/TimesNewRoman(1)/m/n/14.4 Для реализации системы авторизации использовать
 технологию и
 []


Underfull \hbox (badness 7344) in paragraph at lines 47--48
[]\TU/TimesNewRoman(1)/m/n/14.4 Импортировать в базу данных разрабатываемого се
рвера данные,
 []


Underfull \hbox (badness 10000) in paragraph at lines 55--57

 []

[7]
Underfull \hbox (badness 10000) in paragraph at lines 73--74
[]\TU/TimesNewRoman(1)/m/n/14.4 «Состав продуктов» – приложение предоставляет и
нформацию о
 []


Underfull \hbox (badness 3536) in paragraph at lines 73--74
\TU/TimesNewRoman(1)/m/n/14.4 питательной ценности продуктов и их химическом со
ставе: содержание
 []

[8])
\openout2 = `inc/development_tools.aux'.

 (./inc/development_tools.tex
Underfull \hbox (badness 7064) in paragraph at lines 4--7
[]\TU/TimesNewRoman(1)/m/n/14.4 Термин REST ввел Рой Филдинг, один из создателе
й протокола
 []


Underfull \hbox (badness 2229) in paragraph at lines 4--7
\TU/TimesNewRoman(1)/m/n/14.4 HTTP, в своей докторской диссертации ”Архитектурн
ые стили и дизайн
 []


Underfull \hbox (badness 5637) in paragraph at lines 4--7
\TU/TimesNewRoman(1)/m/n/14.4 сетевых программных архитектур” (”Architectural S
tyles and the Design
 []


Underfull \hbox (badness 5091) in paragraph at lines 4--7
\TU/TimesNewRoman(1)/m/n/14.4 of Network-based Software Architectures”)[[]] в 2
000 году. REST — это
 []


Underfull \hbox (badness 3954) in paragraph at lines 4--7
\TU/TimesNewRoman(1)/m/n/14.4 распределенной системы в компьютерной сети. REST 
определяет стиль
 []


Underfull \hbox (badness 10000) in paragraph at lines 7--8
\TU/TimesNewRoman(1)/m/n/14.4 потребности клиентского интерфейса от потребносте
й сервера,
 []


Underfull \hbox (badness 7468) in paragraph at lines 7--8
\TU/TimesNewRoman(1)/m/n/14.4 хранящего данные. Данное ограничение повышает пер
еносимость
 []


Underfull \hbox (badness 10000) in paragraph at lines 8--9
[]\TU/TimesNewRoman(1)/m/n/14.4 Отсутствие состояния. Архитектура REST требует 
соблюдения
 []


Underfull \hbox (badness 1173) in paragraph at lines 8--9
\TU/TimesNewRoman(1)/m/n/14.4 следующего условия. В период между запросами серв
еру не нужно
 []


Underfull \hbox (badness 1024) in paragraph at lines 8--9
\TU/TimesNewRoman(1)/m/n/14.4 хранить информацию о состоянии клиента. Все запро
сы от клиента
 []


Underfull \hbox (badness 7667) in paragraph at lines 8--9
\TU/TimesNewRoman(1)/m/n/14.4 информацию для выполнения запроса и идентификации
 клиента.
 []


Underfull \hbox (badness 6808) in paragraph at lines 9--10
\TU/TimesNewRoman(1)/m/n/14.4 как кэшируемых или некэшируемых, чтобы клиенты в 
ответ на
 []


Underfull \hbox (badness 7963) in paragraph at lines 9--10
\TU/TimesNewRoman(1)/m/n/14.4 Правильное использование кэширования помогает пол
ностью или
 []

[9



]
Underfull \hbox (badness 3701) in paragraph at lines 10--11
[]\TU/TimesNewRoman(1)/m/n/14.4 Единообразие интерфейса. К фундаментальным треб
ованиям REST
 []


Underfull \hbox (badness 2326) in paragraph at lines 10--11
\TU/TimesNewRoman(1)/m/n/14.4 ему нужно слать запрос, а сервер, в свою очередь,
 также должен
 []


Underfull \hbox (badness 1303) in paragraph at lines 10--11
\TU/TimesNewRoman(1)/m/n/14.4 посредством стабильного идентификатора, который н
е меняется при
 []


Underfull \hbox (badness 2671) in paragraph at lines 11--12
[]\TU/TimesNewRoman(1)/m/n/14.4 Слои. Под слоями подразумевается иерархическая 
структура сетей.
 []


Underfull \hbox (badness 1668) in paragraph at lines 11--12
\TU/TimesNewRoman(1)/m/n/14.4 Иногда клиент может общаться напрямую с сервером,
 а иногда —
 []


Underfull \hbox (badness 10000) in paragraph at lines 15--16
\TU/TimesNewRoman(1)/m/n/14.4 информацией без использования каких-то дополнител
ьных внутренних
 []

[10]
Underfull \hbox (badness 7273) in paragraph at lines 18--20
\TU/TimesNewRoman(1)/m/n/14.4 данных в нотации объекта JavaScript. Предназначен
 JSON, также как
 []


Underfull \hbox (badness 7704) in paragraph at lines 18--20
\TU/TimesNewRoman(1)/m/n/14.4 и некоторые другие форматы такие как XML и YAML, 
для обмена
 []


Underfull \hbox (badness 5756) in paragraph at lines 18--20
\TU/TimesNewRoman(1)/m/n/14.4 данными. Несмотря на происхождение от JavaScript,
 формат считается
 []


Underfull \hbox (badness 10000) in paragraph at lines 24--25
[]\TU/TimesNewRoman(1)/m/n/14.4 Это универсальные структуры данных. Почти все с
овременные
 []


Underfull \hbox (badness 2600) in paragraph at lines 24--25
\TU/TimesNewRoman(1)/m/n/14.4 языки программирования поддерживают их в какой-ли
бо форме. Объект
 []


Underfull \hbox (badness 3907) in paragraph at lines 24--25
\TU/TimesNewRoman(1)/m/n/14.4 (строкой), number (числом), object (объектом), ar
ray (массивом), boolean
 []


Underfull \hbox (badness 7081) in paragraph at lines 27--29
[]\TU/TimesNewRoman(1)/m/n/14.4 JSON Web Token (JWT) — это открытый стандарт (R
FC 7519)
 []


Underfull \hbox (badness 2846) in paragraph at lines 27--29
\TU/TimesNewRoman(1)/m/n/14.4 представления данных для передачи между двумя или
 более сторонами
 []

[11]
Underfull \hbox (badness 1436) in paragraph at lines 33--35
\TU/TimesNewRoman(1)/m/n/14.4 части соединяются друг с другом, и на их основе в
ычисляется подпись,
 []


Underfull \hbox (badness 6396) in paragraph at lines 45--46
[]\TU/TimesNewRoman(1)/m/n/14.4 Поле typ определяет тип токена. Поле alg опреде
ляет алгоритм,
 []


Underfull \hbox (badness 1789) in paragraph at lines 45--46
\TU/TimesNewRoman(1)/m/n/14.4 которая помогает приложению тем или иным образом 
идентифицировать
 []

[12]
Underfull \hbox (badness 1178) in paragraph at lines 54--56
\TU/TimesNewRoman(1)/m/n/14.4 задает общую архитектуру приложения. MVVM паттерн
 был представлен
 []

File: images/MVVMwpf.png Graphic file (type bmp)
<images/MVVMwpf.png>

Underfull \hbox (badness 1484) in paragraph at lines 63--64
\TU/TimesNewRoman(1)/m/n/14.4 никакой логики, связанной с отображением данных и
 взаимодействием с
 []


Underfull \hbox (badness 5374) in paragraph at lines 65--66
[]\TU/TimesNewRoman(1)/m/n/14.4 View или представление определяет визуальный ин
терфейс, через
 []

[13]
File: images/Android-Architecture.png Graphic file (type bmp)
<images/Android-Architecture.png>

Underfull \hbox (badness 8113) in paragraph at lines 70--71
\TU/TimesNewRoman(1)/m/n/14.4 планшетов и других устройств, которая основываетс
я на ядре Linux.
 []


Underfull \hbox (badness 3118) in paragraph at lines 70--71
\TU/TimesNewRoman(1)/m/n/14.4 Изначально ОС Android разрабатывала компания Andr
oid Inc., но затем
 []


Underfull \hbox (badness 10000) in paragraph at lines 70--71
\TU/TimesNewRoman(1)/m/n/14.4 ее купила компания Google. На рисунке [][]2[][] п
редставлена архитектура
 []


Underfull \hbox (badness 10000) in paragraph at lines 73--75
\TU/TimesNewRoman(1)/m/n/14.4 базовых приложений: клиенты электронной почты и S
MS, календарь,
 []

[14]
Underfull \hbox (badness 10000) in paragraph at lines 78--79
[]\TU/TimesNewRoman(1)/m/n/14.4 Система представлений (View System) – это богат
ый набор
 []


Underfull \hbox (badness 10000) in paragraph at lines 79--80
[]\TU/TimesNewRoman(1)/m/n/14.4 Контент-провайдеры (Content Providers) – это сл
ужбы, которые
 []


Underfull \hbox (badness 1292) in paragraph at lines 80--81
[]\TU/TimesNewRoman(1)/m/n/14.4 Менеджер ресурсов (Resource Manager) предназнач
ен для доступа к
 []


Underfull \hbox (badness 10000) in paragraph at lines 81--82
[]\TU/TimesNewRoman(1)/m/n/14.4 Менеджер извещений (Notification Manager) позво
ляет любому
 []


Underfull \hbox (badness 10000) in paragraph at lines 81--82
\TU/TimesNewRoman(1)/m/n/14.4 приложению отображать пользовательские уведомлени
я в строке
 []


Underfull \hbox (badness 7981) in paragraph at lines 87--88
[]\TU/TimesNewRoman(1)/m/n/14.4 Уровень среды исполнения (Android Runtime). В с
остав Android
 []


Underfull \hbox (badness 7851) in paragraph at lines 87--88
\TU/TimesNewRoman(1)/m/n/14.4 входит набор библиотек ядра, которые предоставляю
т большую часть
 []


Underfull \hbox (badness 5331) in paragraph at lines 87--88
\TU/TimesNewRoman(1)/m/n/14.4 функциональности библиотек ядра языка Java. В And
roid используется
 []


Underfull \hbox (badness 10000) in paragraph at lines 87--88
\TU/TimesNewRoman(1)/m/n/14.4 собственная реализация JVM под названием Android 
Runtime (ART),
 []


Underfull \hbox (badness 2205) in paragraph at lines 87--88
\TU/TimesNewRoman(1)/m/n/14.4 специально оптимизированная для работы на мобильн
ых устройствах. В
 []


Underfull \hbox (badness 10000) in paragraph at lines 89--90
\TU/TimesNewRoman(1)/m/n/14.4 памятью и процессами, обеспечение безопасности, р
абота с сетью и
 []


Underfull \hbox (badness 2111) in paragraph at lines 89--90
\TU/TimesNewRoman(1)/m/n/14.4 драйверами. Также ядро служит слоем абстракции ме
жду аппаратным и
 []

[15]
Underfull \hbox (badness 6032) in paragraph at lines 93--95
[]\TU/TimesNewRoman(1)/m/n/14.4 Исходя из системных требований предъявляемых к 
реализуемому
 []


Underfull \hbox (badness 5652) in paragraph at lines 93--95
\TU/TimesNewRoman(1)/m/n/14.4 серверу, к выбору инструментов разработки наклады
ваются следующие
 []


Underfull \hbox (badness 2393) in paragraph at lines 100--102
[]\TU/TimesNewRoman(1)/m/n/14.4 В качестве базы данных было решено использовать
 NoSQL СУБД
 []


Underfull \hbox (badness 2452) in paragraph at lines 100--102
\TU/TimesNewRoman(1)/m/n/14.4 MongoDB[[]]. Подробное изучение данной СУБД позво
лило выявить ряд
 []


Underfull \hbox (badness 3895) in paragraph at lines 102--103
[]\TU/TimesNewRoman(1)/m/n/14.4 Документоориентированность – СУБД предназначена
 для хранения
 []


Underfull \hbox (badness 7030) in paragraph at lines 103--104
[]\TU/TimesNewRoman(1)/m/n/14.4 Представление в формате JSON – формат данных JS
ON удобен
 []


Underfull \hbox (badness 10000) in paragraph at lines 103--104
\TU/TimesNewRoman(1)/m/n/14.4 в интерпретации и использовании. В виду того, что
 серверная
 []


Underfull \hbox (badness 10000) in paragraph at lines 103--104
\TU/TimesNewRoman(1)/m/n/14.4 составляющая должна предоставлять RestAPI, MongoD
B отлично
 []


Underfull \hbox (badness 7667) in paragraph at lines 106--107
[]\TU/TimesNewRoman(1)/m/n/14.4 Документация и ПО – данная СУБД является ПО с о
ткрытым
 []


Underfull \hbox (badness 10000) in paragraph at lines 109--110
[]\TU/TimesNewRoman(1)/m/n/14.4 Исходя из системных требований к проектируемому
 сервису,
 []


Underfull \hbox (badness 3291) in paragraph at lines 109--110
\TU/TimesNewRoman(1)/m/n/14.4 данного СУБД. Это позволит исключить использовани
е дополнительных
 []

[16]
Underfull \hbox (badness 10000) in paragraph at lines 111--113
[]\TU/TimesNewRoman(1)/m/n/14.4 Для реализации сервера используется язык програ
ммирования
 []


Underfull \hbox (badness 1983) in paragraph at lines 111--113
\TU/TimesNewRoman(1)/m/n/14.4 Python версии 3.8.5 и фреймворк для создания веб-
приложений Flask[[]].
 []


Underfull \hbox (badness 4819) in paragraph at lines 111--113
\TU/TimesNewRoman(1)/m/n/14.4 Flask предоставляет гибкую настройку веб-приложен
ия с минимальным
 []


Underfull \hbox (badness 2245) in paragraph at lines 111--113
\TU/TimesNewRoman(1)/m/n/14.4 среде разработки PyCharm версии 2020.3.3. Для вза
имодействия с базой
 []


Package fontspec Info: Font family 'FreeMono(1)' created for font 'FreeMono'
(fontspec)             with options
(fontspec)             [Ligatures=TeX,WordSpace={1,0,0},HyphenChar=None,Punctua
tionSpace=WordSpace,Script=Cyrillic].
(fontspec)              
(fontspec)              This font family consists of the following NFSS
(fontspec)             series/shapes:
(fontspec)              
(fontspec)             - 'normal' (m/n) with NFSS spec.:
(fontspec)             <->"FreeMono/OT:script=cyrl;language=dflt;mapping=tex-te
xt;"
(fontspec)             - 'small caps'  (m/sc) with NFSS spec.: 
(fontspec)             and font adjustment code:
(fontspec)             \fontdimen 2\font =1\fontdimen 2\font \fontdimen 3\font
(fontspec)             =0\fontdimen 3\font \fontdimen 4\font =0\fontdimen
(fontspec)             4\font \fontdimen 7\font =0\fontdimen 2\font
(fontspec)             \tex_hyphenchar:D \font =-1\scan_stop: 
(fontspec)             - 'bold' (b/n) with NFSS spec.:
(fontspec)             <->"FreeMono/B/OT:script=cyrl;language=dflt;mapping=tex-
text;"
(fontspec)             - 'bold small caps'  (b/sc) with NFSS spec.: 
(fontspec)             and font adjustment code:
(fontspec)             \fontdimen 2\font =1\fontdimen 2\font \fontdimen 3\font
(fontspec)             =0\fontdimen 3\font \fontdimen 4\font =0\fontdimen
(fontspec)             4\font \fontdimen 7\font =0\fontdimen 2\font
(fontspec)             \tex_hyphenchar:D \font =-1\scan_stop: 
(fontspec)             - 'italic' (m/it) with NFSS spec.:
(fontspec)             <->"FreeMono/I/OT:script=cyrl;language=dflt;mapping=tex-
text;"
(fontspec)             - 'italic small caps'  (m/scit) with NFSS spec.: 
(fontspec)             and font adjustment code:
(fontspec)             \fontdimen 2\font =1\fontdimen 2\font \fontdimen 3\font
(fontspec)             =0\fontdimen 3\font \fontdimen 4\font =0\fontdimen
(fontspec)             4\font \fontdimen 7\font =0\fontdimen 2\font
(fontspec)             \tex_hyphenchar:D \font =-1\scan_stop: 
(fontspec)             - 'bold italic' (b/it) with NFSS spec.:
(fontspec)             <->"FreeMono/BI/OT:script=cyrl;language=dflt;mapping=tex
-text;"
(fontspec)             - 'bold italic small caps'  (b/scit) with NFSS spec.: 
(fontspec)             and font adjustment code:
(fontspec)             \fontdimen 2\font =1\fontdimen 2\font \fontdimen 3\font
(fontspec)             =0\fontdimen 3\font \fontdimen 4\font =0\fontdimen
(fontspec)             4\font \fontdimen 7\font =0\fontdimen 2\font
(fontspec)             \tex_hyphenchar:D \font =-1\scan_stop: 


Underfull \hbox (badness 7888) in paragraph at lines 118--119
\TU/TimesNewRoman(1)/m/n/14.4 для обращения к данным. Благодаря тому, что данна
я база является
 []


Underfull \hbox (badness 10000) in paragraph at lines 118--119
\TU/TimesNewRoman(1)/m/n/14.4 документоориентированной с представлением объекто
в в типе BSON
 []


Underfull \hbox (badness 2903) in paragraph at lines 120--122
\TU/TimesNewRoman(1)/m/n/14.4 Flask-JWT-Extended[[]], которое реализует весь не
обходимый функционал.
 []


Underfull \hbox (badness 4266) in paragraph at lines 120--122
\TU/TimesNewRoman(1)/m/n/14.4 Для встраивания данного функционала в программный
 код, достаточно
 []


Underfull \hbox (badness 1783) in paragraph at lines 120--122
\TU/TimesNewRoman(1)/m/n/14.4 добавить к методам ресурсов соответствующие декор
аторы доступа. При
 []

[17])
\openout2 = `inc/development_server.aux'.

 (./inc/development_server.tex
Underfull \hbox (badness 10000) in paragraph at lines 2--3
[]\TU/TimesNewRoman(1)/m/n/14.4 Для проектирования системы использовался универ
сальный язык
 []


Underfull \hbox (badness 10000) in paragraph at lines 11--13
[]\TU/TimesNewRoman(1)/m/n/14.4 В качестве СУБД для нашего проекта мы выбрали M
ongoDB.
 []


Underfull \hbox (badness 5022) in paragraph at lines 11--13
\TU/TimesNewRoman(1)/m/n/14.4 Актуальность выбора мы описали в предыдущей главе
. Данное СУБД
 []


Underfull \hbox (badness 2744) in paragraph at lines 13--14
\TU/TimesNewRoman(1)/m/n/14.4 могут хранить как простое значение, так и вложенн
ые объекты и
 []


Underfull \hbox (badness 10000) in paragraph at lines 13--14
\TU/TimesNewRoman(1)/m/n/14.4 идентификатор. При добавлении документа в коллекц
ию данный
 []


Underfull \hbox (badness 6380) in paragraph at lines 26--27
[]\TU/TimesNewRoman(1)/m/n/14.4 Контейнерами сущностей в MongoDB являются колле
кции. Ниже
 []


Underfull \hbox (badness 4001) in paragraph at lines 26--27
\TU/TimesNewRoman(1)/m/n/14.4 представлены описание структуры документов для ка
ждой коллекции с
 []

[18



] [19]
Underfull \hbox (badness 1067) in paragraph at lines 71--72
[]\TU/TimesNewRoman(1)/m/n/14.4 В черном списке будут храниться токены обновлен
ия пользователей
 []


Underfull \hbox (badness 2671) in paragraph at lines 71--72
\TU/TimesNewRoman(1)/m/n/14.4 с неистекшим сроком жизни, чтобы исключить возмож
ность повторного
 []


Underfull \hbox (badness 1132) in paragraph at lines 71--72
\TU/TimesNewRoman(1)/m/n/14.4 использования для получения токена доступа. По ис
течении срока жизни
 []


Underfull \hbox (badness 1661) in paragraph at lines 75--78
[]\TU/TimesNewRoman(1)/m/n/14.4 Для описания общего представления о функциональ
ном назначении
 []


Underfull \hbox (badness 10000) in paragraph at lines 75--78
\TU/TimesNewRoman(1)/m/n/14.4 платформы была разработана диаграмма вариантов ис
пользования
 []

File: images/usecase.png Graphic file (type bmp)
<images/usecase.png>

Underfull \hbox (badness 10000) in paragraph at lines 89--91
[]\TU/TimesNewRoman(1)/m/n/14.4 Авторизованный пользователь имеет следующие вар
ианты
 []


Underfull \hbox (badness 4647) in paragraph at lines 91--92
[]\TU/TimesNewRoman(1)/m/n/14.4 получение продукта – получение полной информаци
и о продукте
 []

[20]
Underfull \hbox (badness 4279) in paragraph at lines 92--93
[]\TU/TimesNewRoman(1)/m/n/14.4 добавление недопустимых продуктов – добавление 
нежелательного
 []


Underfull \hbox (badness 2119) in paragraph at lines 96--99
\TU/TimesNewRoman(1)/m/n/14.4 Ресурс в REST-архитектуре является ключевой абстр
акцией информации.
 []


Underfull \hbox (badness 2088) in paragraph at lines 96--99
\TU/TimesNewRoman(1)/m/n/14.4 Любая информация, которая может быть названа, мож
ет быть ресурсом.
 []


Underfull \hbox (badness 3009) in paragraph at lines 96--99
\TU/TimesNewRoman(1)/m/n/14.4 Сам Рой Филдинг в своей диссертации дает такое оп
ределение:«Любая
 []


Underfull \hbox (badness 4229) in paragraph at lines 96--99
\TU/TimesNewRoman(1)/m/n/14.4 словами, любое понятие, которое может быть объект
ом гипертекстовой
 []

File: images/user_resource.png Graphic file (type bmp)
<images/user_resource.png>

Underfull \hbox (badness 1137) in paragraph at lines 105--106
\TU/TimesNewRoman(1)/m/n/14.4 В зависимости успешности действия возвращается со
ответствующй ответ.
 []


Underfull \hbox (badness 3954) in paragraph at lines 105--106
\TU/TimesNewRoman(1)/m/n/14.4 На рисунках [][]5[][] – [][]7[][] представлены мо
дели для остальных ресурсов. Не
 []


Underfull \hbox (badness 1009) in paragraph at lines 105--106
\TU/TimesNewRoman(1)/m/n/14.4 будем приводить описание для каждого ресурса, так
 как они анологичны
 []

[21]
File: images/product_resourse.png Graphic file (type bmp)
<images/product_resourse.png>
File: images/unacceptable_product.png Graphic file (type bmp)
<images/unacceptable_product.png>

Overfull \hbox (14.51031pt too wide) in paragraph at lines 108--108
 [][] 
 []

File: images/token_resourse.png Graphic file (type bmp)
<images/token_resourse.png>
[22]
Underfull \hbox (badness 3482) in paragraph at lines 111--113
[]\TU/TimesNewRoman(1)/m/n/14.4 Опираясь на спроектированные модели, были разра
ботаны методы
 []


Underfull \hbox (badness 10000) in paragraph at lines 111--113
\TU/TimesNewRoman(1)/m/n/14.4 в приложении А. Ниже приводится описание основных
 параметров
 []

[23]
Underfull \hbox (badness 5741) in paragraph at lines 113--115
[]\TU/TimesNewRoman(1)/m/n/14.4 SECRET KEY – секретный ключ, который использует
 Flask при
 []


Underfull \hbox (badness 1354) in paragraph at lines 113--115
\TU/TimesNewRoman(1)/m/n/14.4 его для генерации подписи при создании токенов. С
екретный ключ
 []


Underfull \hbox (badness 1490) in paragraph at lines 113--115
\TU/TimesNewRoman(1)/m/n/14.4 хранится отдельно от программного кода и передает
ся посредством
 []


Underfull \hbox (badness 6893) in paragraph at lines 121--122
\TU/TimesNewRoman(1)/m/n/14.4 Refresh-токен позволяет клиентам запрашивать новы
е access-токены по
 []


Underfull \hbox (badness 2253) in paragraph at lines 130--132
\TU/TimesNewRoman(1)/m/n/14.4 гументами. Результатом является сообщение
 []


Underfull \hbox (badness 3407) in paragraph at lines 133--135
\TU/TimesNewRoman(1)/m/n/14.4 токены, либо сообщеие о соответствующей
 []


Underfull \hbox (badness 10000) in paragraph at lines 136--138
\TU/TimesNewRoman(1)/m/n/14.4 ного refresh-токена. Результатом является
 []


Underfull \hbox (badness 10000) in paragraph at lines 139--139
[]\TU/TimesNewRoman(1)/m/n/14.4 /unacceptable
 []


Underfull \hbox (badness 10000) in paragraph at lines 139--140
[]\TU/TimesNewRoman(1)/m/n/14.4 Добавление недопустимого продукта
 []


Underfull \hbox (badness 10000) in paragraph at lines 139--140
\TU/TimesNewRoman(1)/m/n/14.4 для пользователя. Необходим заголовок
 []


Underfull \hbox (badness 10000) in paragraph at lines 139--140
\TU/TimesNewRoman(1)/m/n/14.4 об успешном добавлении продукта, либо
 []


Underfull \hbox (badness 10000) in paragraph at lines 141--141
[]\TU/TimesNewRoman(1)/m/n/14.4 /unacceptable
 []


Underfull \hbox (badness 10000) in paragraph at lines 141--142
\TU/TimesNewRoman(1)/m/n/14.4 об успешном удалении продукта, либо
 []


Underfull \hbox (badness 10000) in paragraph at lines 141--142
\TU/TimesNewRoman(1)/m/n/14.4 сообщеие о соответствующей ошибке с
 []


Underfull \hbox (badness 10000) in paragraph at lines 143--144
[]\TU/TimesNewRoman(1)/m/n/14.4 Получение информации о продукте по
 []


Underfull \hbox (badness 10000) in paragraph at lines 143--144
\TU/TimesNewRoman(1)/m/n/14.4 преданному штрих-коду. Необходим
 []


Underfull \hbox (badness 1184) in paragraph at lines 143--144
\TU/TimesNewRoman(1)/m/n/14.4 заголовок авторизации. Результатом является
 []


Overfull \hbox (2.30313pt too wide) in paragraph at lines 126--147
[][]
 []

[24]
Underfull \hbox (badness 4913) in paragraph at lines 150--153
\TU/TimesNewRoman(1)/m/n/14.4 приложения соответствующая архитектурному стилю R
EST. Отображена
 []


Underfull \hbox (badness 10000) in paragraph at lines 150--153

 []


Underfull \hbox (badness 10000) in paragraph at lines 150--153

 []

[25]
Underfull \hbox (badness 10000) in paragraph at lines 156--157
\TU/TimesNewRoman(1)/m/n/14.4 нашего приложения. Для изображения диаграммы испо
льзована среда
 []

File: images/MVVM.png Graphic file (type bmp)
<images/MVVM.png>

Underfull \hbox (badness 3746) in paragraph at lines 164--165
[]\TU/TimesNewRoman(1)/m/n/14.4 На него можно подписаться и получать объекты, к
оторые в него
 []


Underfull \hbox (badness 7667) in paragraph at lines 167--168
[]\TU/TimesNewRoman(1)/m/n/14.4 Activity подписывается на LiveData и получает д
анные, которые
 []


Underfull \hbox (badness 10000) in paragraph at lines 169--172
[]\TU/TimesNewRoman(1)/m/n/14.4 Пользовательский интерфейс приложения состоит и
з 5
 []


Underfull \hbox (badness 10000) in paragraph at lines 169--172

 []

[26]
File: images/NavGraf.png Graphic file (type bmp)
<images/NavGraf.png>

Underfull \hbox (badness 10000) in paragraph at lines 183--186
[]\TU/TimesNewRoman(1)/m/n/14.4 Рассмотрим подробнее реализованные страницы при
ложения. На
 []


Underfull \hbox (badness 3536) in paragraph at lines 183--186
\TU/TimesNewRoman(1)/m/n/14.4 рисунке [][]10[][] представлена разработанная дом
ашняя страница клиентского
 []


Underfull \hbox (badness 10000) in paragraph at lines 183--186

 []

[27]
File: images/home.png Graphic file (type bmp)
<images/home.png>
File: images/compos.png Graphic file (type bmp)
<images/compos.png>

Underfull \hbox (badness 2744) in paragraph at lines 193--194
[]\TU/TimesNewRoman(1)/m/n/14.4 При условии отсутствия исключении вовремя выпол
нения запроса,
 []

[28]
Underfull \hbox (badness 4217) in paragraph at lines 195--196
\TU/TimesNewRoman(1)/m/n/14.4 используется SharedPreferences[[]]. SharedPrefere
nces позволяет сохранять
 []


Underfull \hbox (badness 5331) in paragraph at lines 195--196
\TU/TimesNewRoman(1)/m/n/14.4 данные в виде пар ключ-значение. Android хранит S
haredPreferences в
 []


Underfull \hbox (badness 2495) in paragraph at lines 195--196
\TU/TimesNewRoman(1)/m/n/14.4 виде XML файла в папке sharedprefs. Это позволяет
 исключить потерю
 []


Underfull \hbox (badness 2057) in paragraph at lines 195--196
\TU/TimesNewRoman(1)/m/n/14.4 токеннов при закрытии приложения и отказаться от 
использования базы
 []


Underfull \hbox (badness 6016) in paragraph at lines 195--196
\TU/TimesNewRoman(1)/m/n/14.4 и обеспечит необходимую безопасность. Для регистр
ации пользователя
 []

File: images/login.png Graphic file (type bmp)
<images/login.png>
[29]
File: images/registration.png Graphic file (type bmp)
<images/registration.png>
File: images/unaccept.png Graphic file (type bmp)
<images/unaccept.png>
 [30]
Underfull \hbox (badness 10000) in paragraph at lines 209--210
[]\TU/TimesNewRoman(1)/m/n/14.4 Основные и наиболее важные фрагменты реализован
ного кода
 []

[31]) (./inc/conclusion.tex
Underfull \hbox (badness 4181) in paragraph at lines 2--3
[]\TU/TimesNewRoman(1)/m/n/14.4 В рамках выпускной квалификационной работы было
 разработано
 []


Underfull \hbox (badness 10000) in paragraph at lines 2--3
\TU/TimesNewRoman(1)/m/n/14.4 приложение для ускорения процесса выбора и повыше
ния качества
 []


Underfull \hbox (badness 10000) in paragraph at lines 15--16
[]\TU/TimesNewRoman(1)/m/n/14.4 Реализованная версия клиентской части приложени
я не является
 []

[32


]) (./inc/bibliography.tex
Underfull \hbox (badness 10000) in paragraph at lines 6--10
\TU/TimesNewRoman(1)/m/n/14.4 based Software Architectures [Электронный ресурс]
 Режим доступа:
 []


Underfull \hbox (badness 10000) in paragraph at lines 12--16
[]\TU/TimesNewRoman(1)/m/n/14.4 Шаблон Model-View-ViewModel - Xamarin | Microso
ft Docs
 []


Underfull \hbox (badness 10000) in paragraph at lines 12--16
\TU/TimesNewRoman(1)/m/n/14.4 [Электронный ресурс] Режим доступа: https://docs.
microsoft.com/ru-
 []


Underfull \hbox (badness 4940) in paragraph at lines 18--22
[]\TU/TimesNewRoman(1)/m/n/14.4 MongoDB Documentation [Электронный ресурс] Режи
м доступа:
 []


Underfull \hbox (badness 10000) in paragraph at lines 24--28
[]\TU/TimesNewRoman(1)/m/n/14.4 Flask Documentation [Электронный ресурс] Режим 
доступа:
 []


Underfull \hbox (badness 3312) in paragraph at lines 30--34
[]\TU/TimesNewRoman(1)/m/n/14.4 Flask-PyMongo 2.3.0 documentation [Электронный 
ресурс] Режим
 []


Underfull \hbox (badness 1975) in paragraph at lines 36--40
[]\TU/TimesNewRoman(1)/m/n/14.4 Flask-JWT-Extended’s Documentation [Электронный
 ресурс] Режим
 []


Overfull \hbox (13.6081pt too wide) in paragraph at lines 67--71
\TU/TimesNewRoman(1)/m/n/14.4 доступа: https://developer.android.com/reference/
android/content/SharedPreferences 
 []


Underfull \hbox (badness 3907) in paragraph at lines 73--77
[]\TU/TimesNewRoman(1)/m/n/14.4 Android Developers Docs [Электронный ресурс] Ре
жим доступа:
 []

[33

]) (./inc/appA.tex [34

] [35

] [36

] [37

] [38

]) (./inc/appB.tex [39

] [40

]
[41

] [42

] [43

])
The property list \polyglossia@langsetup contains the pairs (without outer
braces):
>  {latex/script}  =>  {latin}
>  {latex/lcscript}  =>  {latin}
>  {latex/scripttag}  =>  {}
>  {latex/language}  =>  {Latex}
>  {latex/langtag}  =>  {ENG}
>  {latex/bcp47}  =>  {}
>  {latex/hyphennames}  =>  {english}
>  {latex/direction}  =>  {LR}
>  {latex/hyphenmins}  =>  {2,3}
>  {latex/frenchspacing}  =>  {false}
>  {latex/indentfirst}  =>  {false}
>  {latex/fontsetup}  =>  {true}
>  {latex/envname}  =>  {latex}
>  {latex/babelname}  =>  {latex}
>  {latex/localnumeral}  =>  {polyglossia@C@localnumeral}
>  {latex/Localnumeral}  =>  {polyglossia@C@localnumeral}
>  {russian/script}  =>  {Cyrillic}
>  {russian/lcscript}  =>  {cyrillic}
>  {russian/scripttag}  =>  {cyrl}
>  {russian/language}  =>  {Russian}
>  {russian/langtag}  =>  {RUS}
>  {russian/bcp47}  =>  {ru}
>  {russian/hyphennames}  =>  {russian}
>  {russian/direction}  =>  {LR}
>  {russian/hyphenmins}  =>  {2,2}
>  {russian/frenchspacing}  =>  {true}
>  {russian/indentfirst}  =>  {false}
>  {russian/fontsetup}  =>  {true}
>  {russian/envname}  =>  {russian}
>  {russian/babelname}  =>  {russian}
>  {russian/localnumeral}  =>  {russiannumerals}
>  {russian/Localnumeral}  =>  {Russiannumerals}.
Package atveryend Info: Empty hook `BeforeClearDocument' on input line 25.
Package atveryend Info: Empty hook `AfterLastShipout' on input line 25.
 (./main.aux (./inc/development_tools.aux)
(./inc/development_server.aux))
Package atveryend Info: Empty hook `AtVeryEndDocument' on input line 25.
Package atveryend Info: Executing hook `AtEndAfterFileList' on input line 25.
Package rerunfilecheck Info: File `main.out' has not changed.
(rerunfilecheck)             Checksum: C8D647D1F92A4C74BD68E5422C53CB58;1896.
 ) 
Here is how much of TeX's memory you used:
 22168 strings out of 481804
 395857 string characters out of 5937877
 781225 words of memory out of 5000000
 38766 multiletter control sequences out of 15000+600000
 535633 words of font info for 78 fonts, out of 8000000 for 9000
 14 hyphenation exceptions out of 8191
 60i,18n,98p,1365b,998s stack positions out of 5000i,500n,10000p,200000b,80000s

Output written on main.pdf (44 pages).
